<?xml version="1.0" encoding="UTF-8"?>
<testng-results ignored="0" total="0" passed="0" failed="0" skipped="0">
  <reporter-output>
  </reporter-output>
  <suite started-at="2026-03-09T18:43:20 IST" name="FlightBookingSuite" finished-at="2026-03-09T18:43:20 IST" duration-ms="12">
    <groups>
    </groups>
    <test started-at="2026-03-09T18:43:20 IST" name="FlightTest" finished-at="2026-03-09T18:43:20 IST" duration-ms="12">
    </test> <!-- FlightTest -->
  </suite> <!-- FlightBookingSuite -->
</testng-results>
